<?xml version="1.0" encoding="UTF-8"?>
<testng-results skipped="0" failed="3" ignored="0" total="27" passed="24">
  <reporter-output>
  </reporter-output>
  <suite name="https://petstore.octoperf.com/" duration-ms="848746" started-at="2020-04-03T10:51:52 CEST" finished-at="2020-04-03T11:06:01 CEST">
    <groups>
    </groups>
    <test name="ChromeTest" duration-ms="499145" started-at="2020-04-03T10:51:52 CEST" finished-at="2020-04-03T11:00:11 CEST">
      <class name="tests.TestCartPage">
        <test-method status="PASS" signature="setup(java.lang.String)[pri:0, instance:tests.TestCartPage@49fc609f]" name="setup" is-config="true" duration-ms="5744" started-at="2020-04-03T10:59:55 CEST" finished-at="2020-04-03T11:00:01 CEST">
          <params>
            <param index="0">
              <value>
                <![CDATA[Chrome]]>
              </value>
            </param>
          </params>
          <reporter-output>
          </reporter-output>
        </test-method> <!-- setup -->
        <test-method status="PASS" signature="isItemsAddedToCart()[pri:1, instance:tests.TestCartPage@49fc609f]" name="isItemsAddedToCart" duration-ms="8783" started-at="2020-04-03T11:00:01 CEST" finished-at="2020-04-03T11:00:10 CEST">
          <reporter-output>
          </reporter-output>
        </test-method> <!-- isItemsAddedToCart -->
        <test-method status="PASS" signature="isCartSumValid()[pri:2, instance:tests.TestCartPage@49fc609f]" name="isCartSumValid" duration-ms="467" started-at="2020-04-03T11:00:10 CEST" finished-at="2020-04-03T11:00:10 CEST">
          <reporter-output>
          </reporter-output>
        </test-method> <!-- isCartSumValid -->
        <test-method status="PASS" signature="isCookiesWorks()[pri:3, instance:tests.TestCartPage@49fc609f]" name="isCookiesWorks" duration-ms="421" started-at="2020-04-03T11:00:10 CEST" finished-at="2020-04-03T11:00:11 CEST">
          <reporter-output>
          </reporter-output>
        </test-method> <!-- isCookiesWorks -->
        <test-method status="PASS" signature="afterClass()[pri:0, instance:tests.TestCartPage@49fc609f]" name="afterClass" is-config="true" duration-ms="200" started-at="2020-04-03T11:00:11 CEST" finished-at="2020-04-03T11:00:11 CEST">
          <reporter-output>
          </reporter-output>
        </test-method> <!-- afterClass -->
      </class> <!-- tests.TestCartPage -->
      <class name="tests.TestSignInPage">
        <test-method status="PASS" signature="setup(java.lang.String)[pri:0, instance:tests.TestSignInPage@3d99d22e]" name="setup" is-config="true" duration-ms="5069" started-at="2020-04-03T10:58:18 CEST" finished-at="2020-04-03T10:58:23 CEST">
          <params>
            <param index="0">
              <value>
                <![CDATA[Chrome]]>
              </value>
            </param>
          </params>
          <reporter-output>
          </reporter-output>
        </test-method> <!-- setup -->
        <test-method status="PASS" signature="isSignedIn()[pri:0, instance:tests.TestSignInPage@3d99d22e]" name="isSignedIn" duration-ms="92113" started-at="2020-04-03T10:58:23 CEST" finished-at="2020-04-03T10:59:55 CEST">
          <reporter-output>
          </reporter-output>
        </test-method> <!-- isSignedIn -->
        <test-method status="PASS" signature="afterClass()[pri:0, instance:tests.TestSignInPage@3d99d22e]" name="afterClass" is-config="true" duration-ms="192" started-at="2020-04-03T10:59:55 CEST" finished-at="2020-04-03T10:59:55 CEST">
          <reporter-output>
          </reporter-output>
        </test-method> <!-- afterClass -->
      </class> <!-- tests.TestSignInPage -->
      <class name="tests.TestRegistrationPage">
        <test-method status="PASS" signature="setup(java.lang.String)[pri:0, instance:tests.TestRegistrationPage@32709393]" name="setup" is-config="true" duration-ms="5317" started-at="2020-04-03T10:52:20 CEST" finished-at="2020-04-03T10:52:26 CEST">
          <params>
            <param index="0">
              <value>
                <![CDATA[Chrome]]>
              </value>
            </param>
          </params>
          <reporter-output>
          </reporter-output>
        </test-method> <!-- setup -->
        <test-method status="PASS" signature="isRegister()[pri:0, instance:tests.TestRegistrationPage@32709393]" name="isRegister" duration-ms="351740" started-at="2020-04-03T10:52:26 CEST" finished-at="2020-04-03T10:58:17 CEST">
          <reporter-output>
          </reporter-output>
        </test-method> <!-- isRegister -->
        <test-method status="PASS" signature="afterClass()[pri:0, instance:tests.TestRegistrationPage@32709393]" name="afterClass" is-config="true" duration-ms="679" started-at="2020-04-03T10:58:17 CEST" finished-at="2020-04-03T10:58:18 CEST">
          <reporter-output>
          </reporter-output>
        </test-method> <!-- afterClass -->
      </class> <!-- tests.TestRegistrationPage -->
      <class name="tests.TestHomePage">
        <test-method status="PASS" signature="setup(java.lang.String)[pri:0, instance:tests.TestHomePage@50b494a6]" name="setup" is-config="true" duration-ms="7002" started-at="2020-04-03T10:51:52 CEST" finished-at="2020-04-03T10:51:59 CEST">
          <params>
            <param index="0">
              <value>
                <![CDATA[Chrome]]>
              </value>
            </param>
          </params>
          <reporter-output>
          </reporter-output>
        </test-method> <!-- setup -->
        <test-method status="PASS" signature="enterTheStore()[pri:0, instance:tests.TestHomePage@50b494a6]" name="enterTheStore" duration-ms="1455" started-at="2020-04-03T10:51:59 CEST" finished-at="2020-04-03T10:52:00 CEST">
          <reporter-output>
          </reporter-output>
        </test-method> <!-- enterTheStore -->
        <test-method status="PASS" signature="afterClass()[pri:0, instance:tests.TestHomePage@50b494a6]" name="afterClass" is-config="true" duration-ms="162" started-at="2020-04-03T10:52:00 CEST" finished-at="2020-04-03T10:52:01 CEST">
          <reporter-output>
          </reporter-output>
        </test-method> <!-- afterClass -->
      </class> <!-- tests.TestHomePage -->
      <class name="tests.TestPetStoreMenuPage">
        <test-method status="PASS" signature="setup(java.lang.String)[pri:0, instance:tests.TestPetStoreMenuPage@3cef309d]" name="setup" is-config="true" duration-ms="5758" started-at="2020-04-03T10:52:01 CEST" finished-at="2020-04-03T10:52:06 CEST">
          <params>
            <param index="0">
              <value>
                <![CDATA[Chrome]]>
              </value>
            </param>
          </params>
          <reporter-output>
          </reporter-output>
        </test-method> <!-- setup -->
        <test-method status="PASS" signature="isUrlAdressWorking()[pri:1, instance:tests.TestPetStoreMenuPage@3cef309d]" name="isUrlAdressWorking" duration-ms="3494" started-at="2020-04-03T10:52:06 CEST" finished-at="2020-04-03T10:52:10 CEST">
          <reporter-output>
          </reporter-output>
        </test-method> <!-- isUrlAdressWorking -->
        <test-method status="PASS" signature="isLoadedPageCorrect()[pri:2, instance:tests.TestPetStoreMenuPage@3cef309d]" name="isLoadedPageCorrect" duration-ms="9635" started-at="2020-04-03T10:52:10 CEST" finished-at="2020-04-03T10:52:19 CEST">
          <reporter-output>
          </reporter-output>
        </test-method> <!-- isLoadedPageCorrect -->
        <test-method status="PASS" signature="isSignInButtonWorks()[pri:3, instance:tests.TestPetStoreMenuPage@3cef309d]" name="isSignInButtonWorks" duration-ms="510" started-at="2020-04-03T10:52:19 CEST" finished-at="2020-04-03T10:52:20 CEST">
          <reporter-output>
          </reporter-output>
        </test-method> <!-- isSignInButtonWorks -->
        <test-method status="PASS" signature="afterClass()[pri:0, instance:tests.TestPetStoreMenuPage@3cef309d]" name="afterClass" is-config="true" duration-ms="225" started-at="2020-04-03T10:52:20 CEST" finished-at="2020-04-03T10:52:20 CEST">
          <reporter-output>
          </reporter-output>
        </test-method> <!-- afterClass -->
      </class> <!-- tests.TestPetStoreMenuPage -->
    </test> <!-- ChromeTest -->
    <test name="FirefoxTest" duration-ms="264967" started-at="2020-04-03T11:00:11 CEST" finished-at="2020-04-03T11:04:36 CEST">
      <class name="tests.TestCartPage">
        <test-method status="PASS" signature="setup(java.lang.String)[pri:0, instance:tests.TestCartPage@10bbd20a]" name="setup" is-config="true" duration-ms="12369" started-at="2020-04-03T11:04:13 CEST" finished-at="2020-04-03T11:04:25 CEST">
          <params>
            <param index="0">
              <value>
                <![CDATA[Firefox]]>
              </value>
            </param>
          </params>
          <reporter-output>
          </reporter-output>
        </test-method> <!-- setup -->
        <test-method status="PASS" signature="isItemsAddedToCart()[pri:1, instance:tests.TestCartPage@10bbd20a]" name="isItemsAddedToCart" duration-ms="6960" started-at="2020-04-03T11:04:25 CEST" finished-at="2020-04-03T11:04:32 CEST">
          <reporter-output>
          </reporter-output>
        </test-method> <!-- isItemsAddedToCart -->
        <test-method status="PASS" signature="isCartSumValid()[pri:2, instance:tests.TestCartPage@10bbd20a]" name="isCartSumValid" duration-ms="234" started-at="2020-04-03T11:04:32 CEST" finished-at="2020-04-03T11:04:32 CEST">
          <reporter-output>
          </reporter-output>
        </test-method> <!-- isCartSumValid -->
        <test-method status="PASS" signature="isCookiesWorks()[pri:3, instance:tests.TestCartPage@10bbd20a]" name="isCookiesWorks" duration-ms="792" started-at="2020-04-03T11:04:32 CEST" finished-at="2020-04-03T11:04:33 CEST">
          <reporter-output>
          </reporter-output>
        </test-method> <!-- isCookiesWorks -->
        <test-method status="PASS" signature="afterClass()[pri:0, instance:tests.TestCartPage@10bbd20a]" name="afterClass" is-config="true" duration-ms="2876" started-at="2020-04-03T11:04:33 CEST" finished-at="2020-04-03T11:04:36 CEST">
          <reporter-output>
          </reporter-output>
        </test-method> <!-- afterClass -->
      </class> <!-- tests.TestCartPage -->
      <class name="tests.TestSignInPage">
        <test-method status="PASS" signature="setup(java.lang.String)[pri:0, instance:tests.TestSignInPage@64729b1e]" name="setup" is-config="true" duration-ms="12792" started-at="2020-04-03T11:03:09 CEST" finished-at="2020-04-03T11:03:22 CEST">
          <params>
            <param index="0">
              <value>
                <![CDATA[Firefox]]>
              </value>
            </param>
          </params>
          <reporter-output>
          </reporter-output>
        </test-method> <!-- setup -->
        <test-method status="PASS" signature="isSignedIn()[pri:0, instance:tests.TestSignInPage@64729b1e]" name="isSignedIn" duration-ms="47698" started-at="2020-04-03T11:03:22 CEST" finished-at="2020-04-03T11:04:10 CEST">
          <reporter-output>
          </reporter-output>
        </test-method> <!-- isSignedIn -->
        <test-method status="PASS" signature="afterClass()[pri:0, instance:tests.TestSignInPage@64729b1e]" name="afterClass" is-config="true" duration-ms="2994" started-at="2020-04-03T11:04:10 CEST" finished-at="2020-04-03T11:04:13 CEST">
          <reporter-output>
          </reporter-output>
        </test-method> <!-- afterClass -->
      </class> <!-- tests.TestSignInPage -->
      <class name="tests.TestRegistrationPage">
        <test-method status="PASS" signature="setup(java.lang.String)[pri:0, instance:tests.TestRegistrationPage@4e7dc304]" name="setup" is-config="true" duration-ms="12889" started-at="2020-04-03T11:00:58 CEST" finished-at="2020-04-03T11:01:11 CEST">
          <params>
            <param index="0">
              <value>
                <![CDATA[Firefox]]>
              </value>
            </param>
          </params>
          <reporter-output>
          </reporter-output>
        </test-method> <!-- setup -->
        <test-method status="PASS" signature="isRegister()[pri:0, instance:tests.TestRegistrationPage@4e7dc304]" name="isRegister" duration-ms="117337" started-at="2020-04-03T11:01:11 CEST" finished-at="2020-04-03T11:03:08 CEST">
          <reporter-output>
          </reporter-output>
        </test-method> <!-- isRegister -->
        <test-method status="PASS" signature="afterClass()[pri:0, instance:tests.TestRegistrationPage@4e7dc304]" name="afterClass" is-config="true" duration-ms="1216" started-at="2020-04-03T11:03:08 CEST" finished-at="2020-04-03T11:03:09 CEST">
          <reporter-output>
          </reporter-output>
        </test-method> <!-- afterClass -->
      </class> <!-- tests.TestRegistrationPage -->
      <class name="tests.TestHomePage">
        <test-method status="PASS" signature="setup(java.lang.String)[pri:0, instance:tests.TestHomePage@23faf8f2]" name="setup" is-config="true" duration-ms="19849" started-at="2020-04-03T11:00:11 CEST" finished-at="2020-04-03T11:00:31 CEST">
          <params>
            <param index="0">
              <value>
                <![CDATA[Firefox]]>
              </value>
            </param>
          </params>
          <reporter-output>
          </reporter-output>
        </test-method> <!-- setup -->
        <test-method status="PASS" signature="enterTheStore()[pri:0, instance:tests.TestHomePage@23faf8f2]" name="enterTheStore" duration-ms="1499" started-at="2020-04-03T11:00:31 CEST" finished-at="2020-04-03T11:00:32 CEST">
          <reporter-output>
          </reporter-output>
        </test-method> <!-- enterTheStore -->
        <test-method status="PASS" signature="afterClass()[pri:0, instance:tests.TestHomePage@23faf8f2]" name="afterClass" is-config="true" duration-ms="2957" started-at="2020-04-03T11:00:32 CEST" finished-at="2020-04-03T11:00:35 CEST">
          <reporter-output>
          </reporter-output>
        </test-method> <!-- afterClass -->
      </class> <!-- tests.TestHomePage -->
      <class name="tests.TestPetStoreMenuPage">
        <test-method status="PASS" signature="setup(java.lang.String)[pri:0, instance:tests.TestPetStoreMenuPage@2d6eabae]" name="setup" is-config="true" duration-ms="11373" started-at="2020-04-03T11:00:35 CEST" finished-at="2020-04-03T11:00:47 CEST">
          <params>
            <param index="0">
              <value>
                <![CDATA[Firefox]]>
              </value>
            </param>
          </params>
          <reporter-output>
          </reporter-output>
        </test-method> <!-- setup -->
        <test-method status="PASS" signature="isUrlAdressWorking()[pri:1, instance:tests.TestPetStoreMenuPage@2d6eabae]" name="isUrlAdressWorking" duration-ms="2957" started-at="2020-04-03T11:00:47 CEST" finished-at="2020-04-03T11:00:50 CEST">
          <reporter-output>
          </reporter-output>
        </test-method> <!-- isUrlAdressWorking -->
        <test-method status="FAIL" signature="isLoadedPageCorrect()[pri:2, instance:tests.TestPetStoreMenuPage@2d6eabae]" name="isLoadedPageCorrect" duration-ms="5124" started-at="2020-04-03T11:00:50 CEST" finished-at="2020-04-03T11:00:55 CEST">
          <exception class="org.openqa.selenium.ElementNotInteractableException">
            <message>
              <![CDATA[Element <area href="Catalog.action?viewCategory=&categoryId=BIRDS"> could not be scrolled into view
Build info: version: '3.141.59', revision: 'e82be7d358', time: '2018-11-14T08:25:48'
System info: host: 'PPRIKQ-PC', ip: '192.168.0.105', os.name: 'Windows 7', os.arch: 'amd64', os.version: '6.1', java.version: '1.8.0_241'
Driver info: org.openqa.selenium.firefox.FirefoxDriver
Capabilities {acceptInsecureCerts: true, browserName: firefox, browserVersion: 68.6.0, javascriptEnabled: true, moz:accessibilityChecks: false, moz:buildID: 20200305175243, moz:geckodriverVersion: 0.26.0, moz:headless: false, moz:processID: 12240, moz:profile: C:\Users\PPRIKQ\AppData\Loc..., moz:shutdownTimeout: 60000, moz:useNonSpecCompliantPointerOrigin: false, moz:webdriverClick: true, pageLoadStrategy: normal, platform: WINDOWS, platformName: WINDOWS, platformVersion: 6.1, rotatable: false, setWindowRect: true, strictFileInteractability: false, timeouts: {implicit: 0, pageLoad: 300000, script: 30000}, unhandledPromptBehavior: dismiss and notify}
Session ID: d823d9d9-e0e5-4124-9a2e-fe555d5ab130]]>
            </message>
            <full-stacktrace>
              <![CDATA[org.openqa.selenium.ElementNotInteractableException: Element <area href="Catalog.action?viewCategory=&categoryId=BIRDS"> could not be scrolled into view
Build info: version: '3.141.59', revision: 'e82be7d358', time: '2018-11-14T08:25:48'
System info: host: 'PPRIKQ-PC', ip: '192.168.0.105', os.name: 'Windows 7', os.arch: 'amd64', os.version: '6.1', java.version: '1.8.0_241'
Driver info: org.openqa.selenium.firefox.FirefoxDriver
Capabilities {acceptInsecureCerts: true, browserName: firefox, browserVersion: 68.6.0, javascriptEnabled: true, moz:accessibilityChecks: false, moz:buildID: 20200305175243, moz:geckodriverVersion: 0.26.0, moz:headless: false, moz:processID: 12240, moz:profile: C:\Users\PPRIKQ\AppData\Loc..., moz:shutdownTimeout: 60000, moz:useNonSpecCompliantPointerOrigin: false, moz:webdriverClick: true, pageLoadStrategy: normal, platform: WINDOWS, platformName: WINDOWS, platformVersion: 6.1, rotatable: false, setWindowRect: true, strictFileInteractability: false, timeouts: {implicit: 0, pageLoad: 300000, script: 30000}, unhandledPromptBehavior: dismiss and notify}
Session ID: d823d9d9-e0e5-4124-9a2e-fe555d5ab130
at sun.reflect.NativeConstructorAccessorImpl.newInstance0(Native Method)
at sun.reflect.NativeConstructorAccessorImpl.newInstance(Unknown Source)
at sun.reflect.DelegatingConstructorAccessorImpl.newInstance(Unknown Source)
at java.lang.reflect.Constructor.newInstance(Unknown Source)
at org.openqa.selenium.remote.http.W3CHttpResponseCodec.createException(W3CHttpResponseCodec.java:187)
at org.openqa.selenium.remote.http.W3CHttpResponseCodec.decode(W3CHttpResponseCodec.java:122)
at org.openqa.selenium.remote.http.W3CHttpResponseCodec.decode(W3CHttpResponseCodec.java:49)
at org.openqa.selenium.remote.HttpCommandExecutor.execute(HttpCommandExecutor.java:158)
at org.openqa.selenium.remote.service.DriverCommandExecutor.execute(DriverCommandExecutor.java:83)
at org.openqa.selenium.remote.RemoteWebDriver.execute(RemoteWebDriver.java:552)
at org.openqa.selenium.remote.RemoteWebElement.execute(RemoteWebElement.java:285)
at org.openqa.selenium.remote.RemoteWebElement.click(RemoteWebElement.java:84)
at pages.PetStoreMenuPage.imageNavMenuCorrectPage(PetStoreMenuPage.java:111)
at tests.TestPetStoreMenuPage.isLoadedPageCorrect(TestPetStoreMenuPage.java:72)
at sun.reflect.NativeMethodAccessorImpl.invoke0(Native Method)
at sun.reflect.NativeMethodAccessorImpl.invoke(Unknown Source)
at sun.reflect.DelegatingMethodAccessorImpl.invoke(Unknown Source)
at java.lang.reflect.Method.invoke(Unknown Source)
at org.testng.internal.MethodInvocationHelper.invokeMethod(MethodInvocationHelper.java:133)
at org.testng.internal.TestInvoker.invokeMethod(TestInvoker.java:584)
at org.testng.internal.TestInvoker.invokeTestMethod(TestInvoker.java:172)
at org.testng.internal.MethodRunner.runInSequence(MethodRunner.java:46)
at org.testng.internal.TestInvoker$MethodInvocationAgent.invoke(TestInvoker.java:804)
at org.testng.internal.TestInvoker.invokeTestMethods(TestInvoker.java:145)
at org.testng.internal.TestMethodWorker.invokeTestMethods(TestMethodWorker.java:146)
at org.testng.internal.TestMethodWorker.run(TestMethodWorker.java:128)
at java.util.ArrayList.forEach(Unknown Source)
at org.testng.TestRunner.privateRun(TestRunner.java:770)
at org.testng.TestRunner.run(TestRunner.java:591)
at org.testng.SuiteRunner.runTest(SuiteRunner.java:402)
at org.testng.SuiteRunner.runSequentially(SuiteRunner.java:396)
at org.testng.SuiteRunner.privateRun(SuiteRunner.java:355)
at org.testng.SuiteRunner.run(SuiteRunner.java:304)
at org.testng.SuiteRunnerWorker.runSuite(SuiteRunnerWorker.java:53)
at org.testng.SuiteRunnerWorker.run(SuiteRunnerWorker.java:96)
at org.testng.TestNG.runSuitesSequentially(TestNG.java:1180)
at org.testng.TestNG.runSuitesLocally(TestNG.java:1102)
at org.testng.TestNG.runSuites(TestNG.java:1032)
at org.testng.TestNG.run(TestNG.java:1000)
at org.testng.remote.AbstractRemoteTestNG.run(AbstractRemoteTestNG.java:115)
at org.testng.remote.RemoteTestNG.initAndRun(RemoteTestNG.java:251)
at org.testng.remote.RemoteTestNG.main(RemoteTestNG.java:77)
]]>
            </full-stacktrace>
          </exception> <!-- org.openqa.selenium.ElementNotInteractableException -->
          <reporter-output>
          </reporter-output>
        </test-method> <!-- isLoadedPageCorrect -->
        <test-method status="PASS" signature="isSignInButtonWorks()[pri:3, instance:tests.TestPetStoreMenuPage@2d6eabae]" name="isSignInButtonWorks" duration-ms="357" started-at="2020-04-03T11:00:55 CEST" finished-at="2020-04-03T11:00:55 CEST">
          <reporter-output>
          </reporter-output>
        </test-method> <!-- isSignInButtonWorks -->
        <test-method status="PASS" signature="afterClass()[pri:0, instance:tests.TestPetStoreMenuPage@2d6eabae]" name="afterClass" is-config="true" duration-ms="2618" started-at="2020-04-03T11:00:55 CEST" finished-at="2020-04-03T11:00:58 CEST">
          <reporter-output>
          </reporter-output>
        </test-method> <!-- afterClass -->
      </class> <!-- tests.TestPetStoreMenuPage -->
    </test> <!-- FirefoxTest -->
    <test name="EdgeTest" duration-ms="84503" started-at="2020-04-03T11:04:36 CEST" finished-at="2020-04-03T11:06:01 CEST">
      <class name="tests.TestCartPage">
        <test-method status="PASS" signature="setup(java.lang.String)[pri:0, instance:tests.TestCartPage@5f282abb]" name="setup" is-config="true" duration-ms="5713" started-at="2020-04-03T11:05:43 CEST" finished-at="2020-04-03T11:05:49 CEST">
          <params>
            <param index="0">
              <value>
                <![CDATA[Edge]]>
              </value>
            </param>
          </params>
          <reporter-output>
          </reporter-output>
        </test-method> <!-- setup -->
        <test-method status="PASS" signature="isItemsAddedToCart()[pri:1, instance:tests.TestCartPage@5f282abb]" name="isItemsAddedToCart" duration-ms="10765" started-at="2020-04-03T11:05:49 CEST" finished-at="2020-04-03T11:05:59 CEST">
          <reporter-output>
          </reporter-output>
        </test-method> <!-- isItemsAddedToCart -->
        <test-method status="PASS" signature="isCartSumValid()[pri:2, instance:tests.TestCartPage@5f282abb]" name="isCartSumValid" duration-ms="469" started-at="2020-04-03T11:05:59 CEST" finished-at="2020-04-03T11:06:00 CEST">
          <reporter-output>
          </reporter-output>
        </test-method> <!-- isCartSumValid -->
        <test-method status="PASS" signature="isCookiesWorks()[pri:3, instance:tests.TestCartPage@5f282abb]" name="isCookiesWorks" duration-ms="640" started-at="2020-04-03T11:06:00 CEST" finished-at="2020-04-03T11:06:00 CEST">
          <reporter-output>
          </reporter-output>
        </test-method> <!-- isCookiesWorks -->
        <test-method status="PASS" signature="afterClass()[pri:0, instance:tests.TestCartPage@5f282abb]" name="afterClass" is-config="true" duration-ms="162" started-at="2020-04-03T11:06:00 CEST" finished-at="2020-04-03T11:06:01 CEST">
          <reporter-output>
          </reporter-output>
        </test-method> <!-- afterClass -->
      </class> <!-- tests.TestCartPage -->
      <class name="tests.TestSignInPage">
        <test-method status="PASS" signature="setup(java.lang.String)[pri:0, instance:tests.TestSignInPage@1d29cf23]" name="setup" is-config="true" duration-ms="13254" started-at="2020-04-03T11:05:23 CEST" finished-at="2020-04-03T11:05:36 CEST">
          <params>
            <param index="0">
              <value>
                <![CDATA[Edge]]>
              </value>
            </param>
          </params>
          <reporter-output>
          </reporter-output>
        </test-method> <!-- setup -->
        <test-method status="FAIL" signature="isSignedIn()[pri:0, instance:tests.TestSignInPage@1d29cf23]" name="isSignedIn" duration-ms="6291" started-at="2020-04-03T11:05:36 CEST" finished-at="2020-04-03T11:05:43 CEST">
          <exception class="org.openqa.selenium.WebDriverException">
            <message>
              <![CDATA[chrome not reachable
  (Session info: chrome=80.0.3987.149)
Build info: version: '3.141.59', revision: 'e82be7d358', time: '2018-11-14T08:25:48'
System info: host: 'PPRIKQ-PC', ip: '192.168.0.105', os.name: 'Windows 7', os.arch: 'amd64', os.version: '6.1', java.version: '1.8.0_241'
Driver info: org.openqa.selenium.chrome.ChromeDriver
Capabilities {acceptInsecureCerts: false, browserName: chrome, browserVersion: 80.0.3987.149, chrome: {chromedriverVersion: 80.0.3987.106 (f68069574609..., userDataDir: C:\Users\PPRIKQ\AppData\Loc...}, goog:chromeOptions: {debuggerAddress: localhost:55926}, javascriptEnabled: true, networkConnectionEnabled: false, pageLoadStrategy: normal, platform: WINDOWS, platformName: WINDOWS, proxy: Proxy(), setWindowRect: true, strictFileInteractability: false, timeouts: {implicit: 0, pageLoad: 300000, script: 30000}, unhandledPromptBehavior: dismiss and notify}
Session ID: 7746410cbbeb8a17ca8a79214c5f1a51]]>
            </message>
            <full-stacktrace>
              <![CDATA[org.openqa.selenium.WebDriverException: chrome not reachable
  (Session info: chrome=80.0.3987.149)
Build info: version: '3.141.59', revision: 'e82be7d358', time: '2018-11-14T08:25:48'
System info: host: 'PPRIKQ-PC', ip: '192.168.0.105', os.name: 'Windows 7', os.arch: 'amd64', os.version: '6.1', java.version: '1.8.0_241'
Driver info: org.openqa.selenium.chrome.ChromeDriver
Capabilities {acceptInsecureCerts: false, browserName: chrome, browserVersion: 80.0.3987.149, chrome: {chromedriverVersion: 80.0.3987.106 (f68069574609..., userDataDir: C:\Users\PPRIKQ\AppData\Loc...}, goog:chromeOptions: {debuggerAddress: localhost:55926}, javascriptEnabled: true, networkConnectionEnabled: false, pageLoadStrategy: normal, platform: WINDOWS, platformName: WINDOWS, proxy: Proxy(), setWindowRect: true, strictFileInteractability: false, timeouts: {implicit: 0, pageLoad: 300000, script: 30000}, unhandledPromptBehavior: dismiss and notify}
Session ID: 7746410cbbeb8a17ca8a79214c5f1a51
at sun.reflect.NativeConstructorAccessorImpl.newInstance0(Native Method)
at sun.reflect.NativeConstructorAccessorImpl.newInstance(Unknown Source)
at sun.reflect.DelegatingConstructorAccessorImpl.newInstance(Unknown Source)
at java.lang.reflect.Constructor.newInstance(Unknown Source)
at org.openqa.selenium.remote.http.W3CHttpResponseCodec.createException(W3CHttpResponseCodec.java:187)
at org.openqa.selenium.remote.http.W3CHttpResponseCodec.decode(W3CHttpResponseCodec.java:122)
at org.openqa.selenium.remote.http.W3CHttpResponseCodec.decode(W3CHttpResponseCodec.java:49)
at org.openqa.selenium.remote.HttpCommandExecutor.execute(HttpCommandExecutor.java:158)
at org.openqa.selenium.remote.service.DriverCommandExecutor.execute(DriverCommandExecutor.java:83)
at org.openqa.selenium.remote.RemoteWebDriver.execute(RemoteWebDriver.java:552)
at org.openqa.selenium.remote.RemoteWebDriver.get(RemoteWebDriver.java:277)
at org.openqa.selenium.remote.RemoteWebDriver$RemoteNavigation.to(RemoteWebDriver.java:857)
at tests.TestSignInPage.isSignedIn(TestSignInPage.java:64)
at sun.reflect.NativeMethodAccessorImpl.invoke0(Native Method)
at sun.reflect.NativeMethodAccessorImpl.invoke(Unknown Source)
at sun.reflect.DelegatingMethodAccessorImpl.invoke(Unknown Source)
at java.lang.reflect.Method.invoke(Unknown Source)
at org.testng.internal.MethodInvocationHelper.invokeMethod(MethodInvocationHelper.java:133)
at org.testng.internal.TestInvoker.invokeMethod(TestInvoker.java:584)
at org.testng.internal.TestInvoker.invokeTestMethod(TestInvoker.java:172)
at org.testng.internal.MethodRunner.runInSequence(MethodRunner.java:46)
at org.testng.internal.TestInvoker$MethodInvocationAgent.invoke(TestInvoker.java:804)
at org.testng.internal.TestInvoker.invokeTestMethods(TestInvoker.java:145)
at org.testng.internal.TestMethodWorker.invokeTestMethods(TestMethodWorker.java:146)
at org.testng.internal.TestMethodWorker.run(TestMethodWorker.java:128)
at java.util.ArrayList.forEach(Unknown Source)
at org.testng.TestRunner.privateRun(TestRunner.java:770)
at org.testng.TestRunner.run(TestRunner.java:591)
at org.testng.SuiteRunner.runTest(SuiteRunner.java:402)
at org.testng.SuiteRunner.runSequentially(SuiteRunner.java:396)
at org.testng.SuiteRunner.privateRun(SuiteRunner.java:355)
at org.testng.SuiteRunner.run(SuiteRunner.java:304)
at org.testng.SuiteRunnerWorker.runSuite(SuiteRunnerWorker.java:53)
at org.testng.SuiteRunnerWorker.run(SuiteRunnerWorker.java:96)
at org.testng.TestNG.runSuitesSequentially(TestNG.java:1180)
at org.testng.TestNG.runSuitesLocally(TestNG.java:1102)
at org.testng.TestNG.runSuites(TestNG.java:1032)
at org.testng.TestNG.run(TestNG.java:1000)
at org.testng.remote.AbstractRemoteTestNG.run(AbstractRemoteTestNG.java:115)
at org.testng.remote.RemoteTestNG.initAndRun(RemoteTestNG.java:251)
at org.testng.remote.RemoteTestNG.main(RemoteTestNG.java:77)
]]>
            </full-stacktrace>
          </exception> <!-- org.openqa.selenium.WebDriverException -->
          <reporter-output>
          </reporter-output>
        </test-method> <!-- isSignedIn -->
        <test-method status="FAIL" signature="afterClass()[pri:0, instance:tests.TestSignInPage@1d29cf23]" name="afterClass" is-config="true" duration-ms="246" started-at="2020-04-03T11:05:43 CEST" finished-at="2020-04-03T11:05:43 CEST">
          <exception class="org.openqa.selenium.WebDriverException">
            <message>
              <![CDATA[chrome not reachable
  (Session info: chrome=80.0.3987.149)
Build info: version: '3.141.59', revision: 'e82be7d358', time: '2018-11-14T08:25:48'
System info: host: 'PPRIKQ-PC', ip: '192.168.0.105', os.name: 'Windows 7', os.arch: 'amd64', os.version: '6.1', java.version: '1.8.0_241'
Driver info: org.openqa.selenium.chrome.ChromeDriver
Capabilities {acceptInsecureCerts: false, browserName: chrome, browserVersion: 80.0.3987.149, chrome: {chromedriverVersion: 80.0.3987.106 (f68069574609..., userDataDir: C:\Users\PPRIKQ\AppData\Loc...}, goog:chromeOptions: {debuggerAddress: localhost:55926}, javascriptEnabled: true, networkConnectionEnabled: false, pageLoadStrategy: normal, platform: WINDOWS, platformName: WINDOWS, proxy: Proxy(), setWindowRect: true, strictFileInteractability: false, timeouts: {implicit: 0, pageLoad: 300000, script: 30000}, unhandledPromptBehavior: dismiss and notify}
Session ID: 7746410cbbeb8a17ca8a79214c5f1a51]]>
            </message>
            <full-stacktrace>
              <![CDATA[org.openqa.selenium.WebDriverException: chrome not reachable
  (Session info: chrome=80.0.3987.149)
Build info: version: '3.141.59', revision: 'e82be7d358', time: '2018-11-14T08:25:48'
System info: host: 'PPRIKQ-PC', ip: '192.168.0.105', os.name: 'Windows 7', os.arch: 'amd64', os.version: '6.1', java.version: '1.8.0_241'
Driver info: org.openqa.selenium.chrome.ChromeDriver
Capabilities {acceptInsecureCerts: false, browserName: chrome, browserVersion: 80.0.3987.149, chrome: {chromedriverVersion: 80.0.3987.106 (f68069574609..., userDataDir: C:\Users\PPRIKQ\AppData\Loc...}, goog:chromeOptions: {debuggerAddress: localhost:55926}, javascriptEnabled: true, networkConnectionEnabled: false, pageLoadStrategy: normal, platform: WINDOWS, platformName: WINDOWS, proxy: Proxy(), setWindowRect: true, strictFileInteractability: false, timeouts: {implicit: 0, pageLoad: 300000, script: 30000}, unhandledPromptBehavior: dismiss and notify}
Session ID: 7746410cbbeb8a17ca8a79214c5f1a51
at sun.reflect.NativeConstructorAccessorImpl.newInstance0(Native Method)
at sun.reflect.NativeConstructorAccessorImpl.newInstance(Unknown Source)
at sun.reflect.DelegatingConstructorAccessorImpl.newInstance(Unknown Source)
at java.lang.reflect.Constructor.newInstance(Unknown Source)
at org.openqa.selenium.remote.http.W3CHttpResponseCodec.createException(W3CHttpResponseCodec.java:187)
at org.openqa.selenium.remote.http.W3CHttpResponseCodec.decode(W3CHttpResponseCodec.java:122)
at org.openqa.selenium.remote.http.W3CHttpResponseCodec.decode(W3CHttpResponseCodec.java:49)
at org.openqa.selenium.remote.HttpCommandExecutor.execute(HttpCommandExecutor.java:158)
at org.openqa.selenium.remote.service.DriverCommandExecutor.execute(DriverCommandExecutor.java:83)
at org.openqa.selenium.remote.RemoteWebDriver.execute(RemoteWebDriver.java:552)
at org.openqa.selenium.remote.RemoteWebDriver.execute(RemoteWebDriver.java:609)
at org.openqa.selenium.remote.RemoteWebDriver.close(RemoteWebDriver.java:442)
at tests.TestSignInPage.afterClass(TestSignInPage.java:75)
at sun.reflect.NativeMethodAccessorImpl.invoke0(Native Method)
at sun.reflect.NativeMethodAccessorImpl.invoke(Unknown Source)
at sun.reflect.DelegatingMethodAccessorImpl.invoke(Unknown Source)
at java.lang.reflect.Method.invoke(Unknown Source)
at org.testng.internal.MethodInvocationHelper.invokeMethod(MethodInvocationHelper.java:133)
at org.testng.internal.MethodInvocationHelper.invokeMethodConsideringTimeout(MethodInvocationHelper.java:62)
at org.testng.internal.ConfigInvoker.invokeConfigurationMethod(ConfigInvoker.java:340)
at org.testng.internal.ConfigInvoker.invokeConfigurations(ConfigInvoker.java:294)
at org.testng.internal.TestMethodWorker.invokeAfterClassMethods(TestMethodWorker.java:217)
at org.testng.internal.TestMethodWorker.run(TestMethodWorker.java:130)
at java.util.ArrayList.forEach(Unknown Source)
at org.testng.TestRunner.privateRun(TestRunner.java:770)
at org.testng.TestRunner.run(TestRunner.java:591)
at org.testng.SuiteRunner.runTest(SuiteRunner.java:402)
at org.testng.SuiteRunner.runSequentially(SuiteRunner.java:396)
at org.testng.SuiteRunner.privateRun(SuiteRunner.java:355)
at org.testng.SuiteRunner.run(SuiteRunner.java:304)
at org.testng.SuiteRunnerWorker.runSuite(SuiteRunnerWorker.java:53)
at org.testng.SuiteRunnerWorker.run(SuiteRunnerWorker.java:96)
at org.testng.TestNG.runSuitesSequentially(TestNG.java:1180)
at org.testng.TestNG.runSuitesLocally(TestNG.java:1102)
at org.testng.TestNG.runSuites(TestNG.java:1032)
at org.testng.TestNG.run(TestNG.java:1000)
at org.testng.remote.AbstractRemoteTestNG.run(AbstractRemoteTestNG.java:115)
at org.testng.remote.RemoteTestNG.initAndRun(RemoteTestNG.java:251)
at org.testng.remote.RemoteTestNG.main(RemoteTestNG.java:77)
]]>
            </full-stacktrace>
          </exception> <!-- org.openqa.selenium.WebDriverException -->
          <reporter-output>
          </reporter-output>
        </test-method> <!-- afterClass -->
      </class> <!-- tests.TestSignInPage -->
      <class name="tests.TestRegistrationPage">
        <test-method status="PASS" signature="setup(java.lang.String)[pri:0, instance:tests.TestRegistrationPage@27a5f880]" name="setup" is-config="true" duration-ms="5946" started-at="2020-04-03T11:05:06 CEST" finished-at="2020-04-03T11:05:12 CEST">
          <params>
            <param index="0">
              <value>
                <![CDATA[Edge]]>
              </value>
            </param>
          </params>
          <reporter-output>
          </reporter-output>
        </test-method> <!-- setup -->
        <test-method status="FAIL" signature="isRegister()[pri:0, instance:tests.TestRegistrationPage@27a5f880]" name="isRegister" duration-ms="11024" started-at="2020-04-03T11:05:12 CEST" finished-at="2020-04-03T11:05:23 CEST">
          <exception class="org.openqa.selenium.WebDriverException">
            <message>
              <![CDATA[chrome not reachable
  (Session info: chrome=80.0.3987.149)
Build info: version: '3.141.59', revision: 'e82be7d358', time: '2018-11-14T08:25:48'
System info: host: 'PPRIKQ-PC', ip: '192.168.0.105', os.name: 'Windows 7', os.arch: 'amd64', os.version: '6.1', java.version: '1.8.0_241'
Driver info: org.openqa.selenium.chrome.ChromeDriver
Capabilities {acceptInsecureCerts: false, browserName: chrome, browserVersion: 80.0.3987.149, chrome: {chromedriverVersion: 80.0.3987.106 (f68069574609..., userDataDir: C:\Users\PPRIKQ\AppData\Loc...}, goog:chromeOptions: {debuggerAddress: localhost:55893}, javascriptEnabled: true, networkConnectionEnabled: false, pageLoadStrategy: normal, platform: WINDOWS, platformName: WINDOWS, proxy: Proxy(), setWindowRect: true, strictFileInteractability: false, timeouts: {implicit: 0, pageLoad: 300000, script: 30000}, unhandledPromptBehavior: dismiss and notify}
Session ID: 5303df29e8623b4eae317e5b9559ca59
*** Element info: {Using=xpath, value=//*[@id="Catalog"]/form/table[1]/tbody}]]>
            </message>
            <full-stacktrace>
              <![CDATA[org.openqa.selenium.WebDriverException: chrome not reachable
  (Session info: chrome=80.0.3987.149)
Build info: version: '3.141.59', revision: 'e82be7d358', time: '2018-11-14T08:25:48'
System info: host: 'PPRIKQ-PC', ip: '192.168.0.105', os.name: 'Windows 7', os.arch: 'amd64', os.version: '6.1', java.version: '1.8.0_241'
Driver info: org.openqa.selenium.chrome.ChromeDriver
Capabilities {acceptInsecureCerts: false, browserName: chrome, browserVersion: 80.0.3987.149, chrome: {chromedriverVersion: 80.0.3987.106 (f68069574609..., userDataDir: C:\Users\PPRIKQ\AppData\Loc...}, goog:chromeOptions: {debuggerAddress: localhost:55893}, javascriptEnabled: true, networkConnectionEnabled: false, pageLoadStrategy: normal, platform: WINDOWS, platformName: WINDOWS, proxy: Proxy(), setWindowRect: true, strictFileInteractability: false, timeouts: {implicit: 0, pageLoad: 300000, script: 30000}, unhandledPromptBehavior: dismiss and notify}
Session ID: 5303df29e8623b4eae317e5b9559ca59
*** Element info: {Using=xpath, value=//*[@id="Catalog"]/form/table[1]/tbody}
at sun.reflect.NativeConstructorAccessorImpl.newInstance0(Native Method)
at sun.reflect.NativeConstructorAccessorImpl.newInstance(Unknown Source)
at sun.reflect.DelegatingConstructorAccessorImpl.newInstance(Unknown Source)
at java.lang.reflect.Constructor.newInstance(Unknown Source)
at org.openqa.selenium.remote.http.W3CHttpResponseCodec.createException(W3CHttpResponseCodec.java:187)
at org.openqa.selenium.remote.http.W3CHttpResponseCodec.decode(W3CHttpResponseCodec.java:122)
at org.openqa.selenium.remote.http.W3CHttpResponseCodec.decode(W3CHttpResponseCodec.java:49)
at org.openqa.selenium.remote.HttpCommandExecutor.execute(HttpCommandExecutor.java:158)
at org.openqa.selenium.remote.service.DriverCommandExecutor.execute(DriverCommandExecutor.java:83)
at org.openqa.selenium.remote.RemoteWebDriver.execute(RemoteWebDriver.java:552)
at org.openqa.selenium.remote.RemoteWebDriver.findElement(RemoteWebDriver.java:323)
at org.openqa.selenium.remote.RemoteWebDriver.findElementByXPath(RemoteWebDriver.java:428)
at org.openqa.selenium.By$ByXPath.findElement(By.java:353)
at org.openqa.selenium.remote.RemoteWebDriver.findElement(RemoteWebDriver.java:315)
at pages.RegistrationPage.getUserInformation(RegistrationPage.java:30)
at pages.RegistrationPage.getId(RegistrationPage.java:34)
at pages.RegistrationPage.setId(RegistrationPage.java:38)
at pages.RegistrationPage.registerNewUser(RegistrationPage.java:195)
at tests.TestRegistrationPage.isRegister(TestRegistrationPage.java:86)
at sun.reflect.NativeMethodAccessorImpl.invoke0(Native Method)
at sun.reflect.NativeMethodAccessorImpl.invoke(Unknown Source)
at sun.reflect.DelegatingMethodAccessorImpl.invoke(Unknown Source)
at java.lang.reflect.Method.invoke(Unknown Source)
at org.testng.internal.MethodInvocationHelper.invokeMethod(MethodInvocationHelper.java:133)
at org.testng.internal.TestInvoker.invokeMethod(TestInvoker.java:584)
at org.testng.internal.TestInvoker.invokeTestMethod(TestInvoker.java:172)
at org.testng.internal.MethodRunner.runInSequence(MethodRunner.java:46)
at org.testng.internal.TestInvoker$MethodInvocationAgent.invoke(TestInvoker.java:804)
at org.testng.internal.TestInvoker.invokeTestMethods(TestInvoker.java:145)
at org.testng.internal.TestMethodWorker.invokeTestMethods(TestMethodWorker.java:146)
at org.testng.internal.TestMethodWorker.run(TestMethodWorker.java:128)
at java.util.ArrayList.forEach(Unknown Source)
at org.testng.TestRunner.privateRun(TestRunner.java:770)
at org.testng.TestRunner.run(TestRunner.java:591)
at org.testng.SuiteRunner.runTest(SuiteRunner.java:402)
at org.testng.SuiteRunner.runSequentially(SuiteRunner.java:396)
at org.testng.SuiteRunner.privateRun(SuiteRunner.java:355)
at org.testng.SuiteRunner.run(SuiteRunner.java:304)
at org.testng.SuiteRunnerWorker.runSuite(SuiteRunnerWorker.java:53)
at org.testng.SuiteRunnerWorker.run(SuiteRunnerWorker.java:96)
at org.testng.TestNG.runSuitesSequentially(TestNG.java:1180)
at org.testng.TestNG.runSuitesLocally(TestNG.java:1102)
at org.testng.TestNG.runSuites(TestNG.java:1032)
at org.testng.TestNG.run(TestNG.java:1000)
at org.testng.remote.AbstractRemoteTestNG.run(AbstractRemoteTestNG.java:115)
at org.testng.remote.RemoteTestNG.initAndRun(RemoteTestNG.java:251)
at org.testng.remote.RemoteTestNG.main(RemoteTestNG.java:77)
]]>
            </full-stacktrace>
          </exception> <!-- org.openqa.selenium.WebDriverException -->
          <reporter-output>
          </reporter-output>
        </test-method> <!-- isRegister -->
        <test-method status="FAIL" signature="afterClass()[pri:0, instance:tests.TestRegistrationPage@27a5f880]" name="afterClass" is-config="true" duration-ms="239" started-at="2020-04-03T11:05:23 CEST" finished-at="2020-04-03T11:05:23 CEST">
          <exception class="org.openqa.selenium.WebDriverException">
            <message>
              <![CDATA[chrome not reachable
  (Session info: chrome=80.0.3987.149)
Build info: version: '3.141.59', revision: 'e82be7d358', time: '2018-11-14T08:25:48'
System info: host: 'PPRIKQ-PC', ip: '192.168.0.105', os.name: 'Windows 7', os.arch: 'amd64', os.version: '6.1', java.version: '1.8.0_241'
Driver info: org.openqa.selenium.chrome.ChromeDriver
Capabilities {acceptInsecureCerts: false, browserName: chrome, browserVersion: 80.0.3987.149, chrome: {chromedriverVersion: 80.0.3987.106 (f68069574609..., userDataDir: C:\Users\PPRIKQ\AppData\Loc...}, goog:chromeOptions: {debuggerAddress: localhost:55893}, javascriptEnabled: true, networkConnectionEnabled: false, pageLoadStrategy: normal, platform: WINDOWS, platformName: WINDOWS, proxy: Proxy(), setWindowRect: true, strictFileInteractability: false, timeouts: {implicit: 0, pageLoad: 300000, script: 30000}, unhandledPromptBehavior: dismiss and notify}
Session ID: 5303df29e8623b4eae317e5b9559ca59]]>
            </message>
            <full-stacktrace>
              <![CDATA[org.openqa.selenium.WebDriverException: chrome not reachable
  (Session info: chrome=80.0.3987.149)
Build info: version: '3.141.59', revision: 'e82be7d358', time: '2018-11-14T08:25:48'
System info: host: 'PPRIKQ-PC', ip: '192.168.0.105', os.name: 'Windows 7', os.arch: 'amd64', os.version: '6.1', java.version: '1.8.0_241'
Driver info: org.openqa.selenium.chrome.ChromeDriver
Capabilities {acceptInsecureCerts: false, browserName: chrome, browserVersion: 80.0.3987.149, chrome: {chromedriverVersion: 80.0.3987.106 (f68069574609..., userDataDir: C:\Users\PPRIKQ\AppData\Loc...}, goog:chromeOptions: {debuggerAddress: localhost:55893}, javascriptEnabled: true, networkConnectionEnabled: false, pageLoadStrategy: normal, platform: WINDOWS, platformName: WINDOWS, proxy: Proxy(), setWindowRect: true, strictFileInteractability: false, timeouts: {implicit: 0, pageLoad: 300000, script: 30000}, unhandledPromptBehavior: dismiss and notify}
Session ID: 5303df29e8623b4eae317e5b9559ca59
at sun.reflect.NativeConstructorAccessorImpl.newInstance0(Native Method)
at sun.reflect.NativeConstructorAccessorImpl.newInstance(Unknown Source)
at sun.reflect.DelegatingConstructorAccessorImpl.newInstance(Unknown Source)
at java.lang.reflect.Constructor.newInstance(Unknown Source)
at org.openqa.selenium.remote.http.W3CHttpResponseCodec.createException(W3CHttpResponseCodec.java:187)
at org.openqa.selenium.remote.http.W3CHttpResponseCodec.decode(W3CHttpResponseCodec.java:122)
at org.openqa.selenium.remote.http.W3CHttpResponseCodec.decode(W3CHttpResponseCodec.java:49)
at org.openqa.selenium.remote.HttpCommandExecutor.execute(HttpCommandExecutor.java:158)
at org.openqa.selenium.remote.service.DriverCommandExecutor.execute(DriverCommandExecutor.java:83)
at org.openqa.selenium.remote.RemoteWebDriver.execute(RemoteWebDriver.java:552)
at org.openqa.selenium.remote.RemoteWebDriver.execute(RemoteWebDriver.java:609)
at org.openqa.selenium.remote.RemoteWebDriver.close(RemoteWebDriver.java:442)
at tests.TestRegistrationPage.afterClass(TestRegistrationPage.java:96)
at sun.reflect.NativeMethodAccessorImpl.invoke0(Native Method)
at sun.reflect.NativeMethodAccessorImpl.invoke(Unknown Source)
at sun.reflect.DelegatingMethodAccessorImpl.invoke(Unknown Source)
at java.lang.reflect.Method.invoke(Unknown Source)
at org.testng.internal.MethodInvocationHelper.invokeMethod(MethodInvocationHelper.java:133)
at org.testng.internal.MethodInvocationHelper.invokeMethodConsideringTimeout(MethodInvocationHelper.java:62)
at org.testng.internal.ConfigInvoker.invokeConfigurationMethod(ConfigInvoker.java:340)
at org.testng.internal.ConfigInvoker.invokeConfigurations(ConfigInvoker.java:294)
at org.testng.internal.TestMethodWorker.invokeAfterClassMethods(TestMethodWorker.java:217)
at org.testng.internal.TestMethodWorker.run(TestMethodWorker.java:130)
at java.util.ArrayList.forEach(Unknown Source)
at org.testng.TestRunner.privateRun(TestRunner.java:770)
at org.testng.TestRunner.run(TestRunner.java:591)
at org.testng.SuiteRunner.runTest(SuiteRunner.java:402)
at org.testng.SuiteRunner.runSequentially(SuiteRunner.java:396)
at org.testng.SuiteRunner.privateRun(SuiteRunner.java:355)
at org.testng.SuiteRunner.run(SuiteRunner.java:304)
at org.testng.SuiteRunnerWorker.runSuite(SuiteRunnerWorker.java:53)
at org.testng.SuiteRunnerWorker.run(SuiteRunnerWorker.java:96)
at org.testng.TestNG.runSuitesSequentially(TestNG.java:1180)
at org.testng.TestNG.runSuitesLocally(TestNG.java:1102)
at org.testng.TestNG.runSuites(TestNG.java:1032)
at org.testng.TestNG.run(TestNG.java:1000)
at org.testng.remote.AbstractRemoteTestNG.run(AbstractRemoteTestNG.java:115)
at org.testng.remote.RemoteTestNG.initAndRun(RemoteTestNG.java:251)
at org.testng.remote.RemoteTestNG.main(RemoteTestNG.java:77)
]]>
            </full-stacktrace>
          </exception> <!-- org.openqa.selenium.WebDriverException -->
          <reporter-output>
          </reporter-output>
        </test-method> <!-- afterClass -->
      </class> <!-- tests.TestRegistrationPage -->
      <class name="tests.TestHomePage">
        <test-method status="PASS" signature="setup(java.lang.String)[pri:0, instance:tests.TestHomePage@396f6598]" name="setup" is-config="true" duration-ms="5249" started-at="2020-04-03T11:04:36 CEST" finished-at="2020-04-03T11:04:41 CEST">
          <params>
            <param index="0">
              <value>
                <![CDATA[Edge]]>
              </value>
            </param>
          </params>
          <reporter-output>
          </reporter-output>
        </test-method> <!-- setup -->
        <test-method status="PASS" signature="enterTheStore()[pri:0, instance:tests.TestHomePage@396f6598]" name="enterTheStore" duration-ms="1254" started-at="2020-04-03T11:04:41 CEST" finished-at="2020-04-03T11:04:43 CEST">
          <reporter-output>
          </reporter-output>
        </test-method> <!-- enterTheStore -->
        <test-method status="PASS" signature="afterClass()[pri:0, instance:tests.TestHomePage@396f6598]" name="afterClass" is-config="true" duration-ms="290" started-at="2020-04-03T11:04:43 CEST" finished-at="2020-04-03T11:04:43 CEST">
          <reporter-output>
          </reporter-output>
        </test-method> <!-- afterClass -->
      </class> <!-- tests.TestHomePage -->
      <class name="tests.TestPetStoreMenuPage">
        <test-method status="PASS" signature="setup(java.lang.String)[pri:0, instance:tests.TestPetStoreMenuPage@394e1a0f]" name="setup" is-config="true" duration-ms="6480" started-at="2020-04-03T11:04:43 CEST" finished-at="2020-04-03T11:04:49 CEST">
          <params>
            <param index="0">
              <value>
                <![CDATA[Edge]]>
              </value>
            </param>
          </params>
          <reporter-output>
          </reporter-output>
        </test-method> <!-- setup -->
        <test-method status="PASS" signature="isUrlAdressWorking()[pri:1, instance:tests.TestPetStoreMenuPage@394e1a0f]" name="isUrlAdressWorking" duration-ms="3832" started-at="2020-04-03T11:04:49 CEST" finished-at="2020-04-03T11:04:53 CEST">
          <reporter-output>
          </reporter-output>
        </test-method> <!-- isUrlAdressWorking -->
        <test-method status="PASS" signature="isLoadedPageCorrect()[pri:2, instance:tests.TestPetStoreMenuPage@394e1a0f]" name="isLoadedPageCorrect" duration-ms="11737" started-at="2020-04-03T11:04:53 CEST" finished-at="2020-04-03T11:05:05 CEST">
          <reporter-output>
          </reporter-output>
        </test-method> <!-- isLoadedPageCorrect -->
        <test-method status="PASS" signature="isSignInButtonWorks()[pri:3, instance:tests.TestPetStoreMenuPage@394e1a0f]" name="isSignInButtonWorks" duration-ms="583" started-at="2020-04-03T11:05:05 CEST" finished-at="2020-04-03T11:05:06 CEST">
          <reporter-output>
          </reporter-output>
        </test-method> <!-- isSignInButtonWorks -->
        <test-method status="PASS" signature="afterClass()[pri:0, instance:tests.TestPetStoreMenuPage@394e1a0f]" name="afterClass" is-config="true" duration-ms="223" started-at="2020-04-03T11:05:06 CEST" finished-at="2020-04-03T11:05:06 CEST">
          <reporter-output>
          </reporter-output>
        </test-method> <!-- afterClass -->
      </class> <!-- tests.TestPetStoreMenuPage -->
    </test> <!-- EdgeTest -->
  </suite> <!-- https://petstore.octoperf.com/ -->
</testng-results>
